abbluetoothprinter/build/intermediates/manifest_merge_blame_file/release/manifest-merger-blame-release-report.txt
1<?xml version="1.0" encoding="utf-8"?>
2<manifest xmlns:android="http://schemas.android.com/apk/res/android"
3    package="pl.allblue.abbluetoothprinter"
4    android:versionCode="1"
5    android:versionName="1.0" >
6
7    <uses-sdk
8        android:minSdkVersion="19"
8-->src\main\AndroidManifest.xml
9        android:targetSdkVersion="29" />
9-->src\main\AndroidManifest.xml
10    <!-- Bluetooth -->
11    <uses-permission android:name="android.permission.ACCESS_COARSE_LOCATION" />
11-->src\main\AndroidManifest.xml:4:5-81
11-->src\main\AndroidManifest.xml:4:22-78
12    <uses-permission android:name="android.permission.BLUETOOTH" />
12-->src\main\AndroidManifest.xml:5:5-68
12-->src\main\AndroidManifest.xml:5:22-65
13    <uses-permission android:name="android.permission.BLUETOOTH_ADMIN" />
13-->src\main\AndroidManifest.xml:6:5-74
13-->src\main\AndroidManifest.xml:6:22-71
14
15    <application>
15-->src\main\AndroidManifest.xml:8:5-13:19
16        <activity
16-->src\main\AndroidManifest.xml:9:9-12:20
17            android:name="pl.allblue.abbluetoothprinter.BluetoothDevicesActivity"
17-->src\main\AndroidManifest.xml:10:17-57
18            android:label="@string/Bluetooth_BluetoothDevicesActivity_Title" >
18-->src\main\AndroidManifest.xml:11:17-81
19        </activity>
20    </application>
21
22</manifest>